#
# A fatal error has been detected by the Java Runtime Environment:
#
#  EXCEPTION_ACCESS_VIOLATION (0xc0000005) at pc=0x0000000000000000, pid=5320, tid=0x0000000000002a70
#
# JRE version: Java(TM) SE Runtime Environment (8.0_131-b11) (build 1.8.0_131-b11)
# Java VM: Java HotSpot(TM) 64-Bit Server VM (25.131-b11 mixed mode windows-amd64 compressed oops)
# Problematic frame:
# C  0x0000000000000000
#
# Failed to write core dump. Minidumps are not enabled by default on client versions of Windows
#
# If you would like to submit a bug report, please visit:
#   http://bugreport.java.com/bugreport/crash.jsp
#

---------------  T H R E A D  ---------------

Current thread (0x000000001f893800):  JavaThread "dw-15 - GET /api/auth/login" [_thread_in_Java, id=10864, stack(0x0000000022850000,0x0000000022950000)]

siginfo: ExceptionCode=0xc0000005, ExceptionInformation=0x0000000000000008 0x0000000000000000

Registers:
RAX=0x0000000000000000, RBX=0x00000000201385b0, RCX=0x00000007713d04c8, RDX=0x000000000279835d
RSP=0x000000002294c898, RBP=0x000000002294c8f8, RSI=0x00000000f804a179, RDI=0x000000000e542000
R8 =0x0000000003b89e82, R9 =0x00000006c1dc6958, R10=0x000000005db6e110, R11=0x0000000000000000
R12=0x0000000000000000, R13=0x000000002294c8a0, R14=0x000000002294c908, R15=0x000000001f893800
RIP=0x0000000000000000, EFLAGS=0x0000000000010246

Top of Stack: (sp=0x000000002294c898)
0x000000002294c898:   000000000279835d 00000007713cf1a8
0x000000002294c8a8:   00000007713d04c8 00000007713d04c8
0x000000002294c8b8:   000000002294c8b8 000000002013069d
0x000000002294c8c8:   000000002294c908 00000000201317d8
0x000000002294c8d8:   0000000000000000 00000000201306b8
0x000000002294c8e8:   000000002294c8a0 000000002294c908
0x000000002294c8f8:   000000002294c958 00000000027980e0
0x000000002294c908:   00000007713cf1a8 00000007713cf8d8
0x000000002294c918:   000000002294c918 0000000020130062
0x000000002294c928:   000000002294c978 00000000201317d8
0x000000002294c938:   0000000000000000 00000000201300b8
0x000000002294c948:   000000002294c908 000000002294c970
0x000000002294c958:   000000002294c9c0 00000000027980e0
0x000000002294c968:   0000000000000000 00000007713cf8d8
0x000000002294c978:   00000007713cf1a8 000000002294c980
0x000000002294c988:   000000002012f99d 000000002294c9f0 

Instructions: (pc=0x0000000000000000)
0xffffffffffffffe0:   


Register to memory mapping:

RAX=0x0000000000000000 is an unknown value
RBX={method} {0x00000000201385b8} '<init>' '(Lorg/hibernate/validator/internal/metadata/aggregated/BeanMetaDataImpl;)V' in 'org/hibernate/validator/internal/metadata/aggregated/BeanMetaDataImpl$1'
RCX=0x00000007713d04c8 is an oop
org.hibernate.validator.internal.metadata.aggregated.BeanMetaDataImpl$1 
 - klass: 'org/hibernate/validator/internal/metadata/aggregated/BeanMetaDataImpl$1'
RDX=0x000000000279835d is at code_begin+2301 in an Interpreter codelet
invoke return entry points  [0x0000000002797a60, 0x0000000002798440]  2528 bytes
RSP=0x000000002294c898 is pointing into the stack for thread: 0x000000001f893800
RBP=0x000000002294c8f8 is pointing into the stack for thread: 0x000000001f893800
RSI=0x00000000f804a179 is an unknown value
RDI=0x000000000e542000 is an unknown value
R8 =0x0000000003b89e82 is an unknown value
R9 =0x00000006c1dc6958 is an oop
java.lang.Class 
 - klass: 'java/lang/Class'
R10=0x000000005db6e110 is an unknown value
R11=0x0000000000000000 is an unknown value
R12=0x0000000000000000 is an unknown value
R13=0x000000002294c8a0 is pointing into the stack for thread: 0x000000001f893800
R14=0x000000002294c908 is pointing into the stack for thread: 0x000000001f893800
R15=0x000000001f893800 is a thread


Stack: [0x0000000022850000,0x0000000022950000],  sp=0x000000002294c898,  free space=1010k
Native frames: (J=compiled Java code, j=interpreted, Vv=VM code, C=native code)


---------------  P R O C E S S  ---------------

Java Threads: ( => current thread )
  0x000000001f576800 JavaThread "dw-admin-69" [_thread_blocked, id=8728, stack(0x0000000022cf0000,0x0000000022df0000)]
  0x000000001f576000 JavaThread "dw-56" [_thread_blocked, id=7956, stack(0x00000000221b0000,0x00000000222b0000)]
  0x000000001f573800 JavaThread "dw-40" [_thread_blocked, id=7804, stack(0x0000000022970000,0x0000000022a70000)]
  0x000000001f571800 JavaThread "dw-37" [_thread_blocked, id=6812, stack(0x00000000269d0000,0x0000000026ad0000)]
  0x000000001f572000 JavaThread "dw-32" [_thread_blocked, id=2448, stack(0x0000000025e30000,0x0000000025f30000)]
  0x000000001f570000 JavaThread "Scheduler-1090160486" [_thread_blocked, id=10916, stack(0x0000000025d00000,0x0000000025e00000)]
  0x000000001f570800 JavaThread "DestroyJavaVM" [_thread_blocked, id=6556, stack(0x00000000023c0000,0x00000000024c0000)]
  0x000000001f56f000 JavaThread "dw-admin-25-acceptor-0@1ae870cc-admin@7ed3df3b{HTTP/1.1,[http/1.1]}{0.0.0.0:8081}" [_thread_in_native, id=4344, stack(0x0000000025ab0000,0x0000000025bb0000)]
  0x000000001f56e800 JavaThread "dw-admin-24" [_thread_in_native, id=8356, stack(0x0000000024280000,0x0000000024380000)]
  0x000000001f56d800 JavaThread "dw-22" [_thread_blocked, id=9296, stack(0x00000000230d0000,0x00000000231d0000)]
  0x0000000020830800 JavaThread "dw-21" [_thread_in_native, id=5428, stack(0x0000000022ee0000,0x0000000022fe0000)]
  0x000000001f894800 JavaThread "dw-16-acceptor-0@7ba0b442-application@d5bb1c4{HTTP/1.1,[http/1.1]}{0.0.0.0:8080}" [_thread_in_native, id=8252, stack(0x0000000022530000,0x0000000022630000)]
=>0x000000001f893800 JavaThread "dw-15 - GET /api/auth/login" [_thread_in_Java, id=10864, stack(0x0000000022850000,0x0000000022950000)]
  0x000000001f43d000 JavaThread "AsyncAppender-Worker-async-console-appender" daemon [_thread_blocked, id=6992, stack(0x00000000226b0000,0x00000000227b0000)]
  0x00000000206ba000 JavaThread "Abandoned connection cleanup thread" daemon [_thread_blocked, id=8188, stack(0x0000000021ad0000,0x0000000021bd0000)]
  0x0000000020b64800 JavaThread "Tomcat JDBC Pool Cleaner[1943105171:1523458031368]" daemon [_thread_blocked, id=5144, stack(0x0000000021990000,0x0000000021a90000)]
  0x000000001f633800 JavaThread "AsyncAppender-Worker-async-console-appender" daemon [_thread_blocked, id=8560, stack(0x00000000203e0000,0x00000000204e0000)]
  0x000000001d434800 JavaThread "Service Thread" daemon [_thread_blocked, id=7584, stack(0x000000001e0b0000,0x000000001e1b0000)]
  0x000000001d3a0800 JavaThread "C1 CompilerThread2" daemon [_thread_blocked, id=11036, stack(0x000000001dea0000,0x000000001dfa0000)]
  0x000000001d39f800 JavaThread "C2 CompilerThread1" daemon [_thread_blocked, id=1440, stack(0x000000001dda0000,0x000000001dea0000)]
  0x000000001be2f800 JavaThread "C2 CompilerThread0" daemon [_thread_blocked, id=5356, stack(0x000000001dc80000,0x000000001dd80000)]
  0x000000001d399800 JavaThread "Attach Listener" daemon [_thread_blocked, id=8280, stack(0x000000001da50000,0x000000001db50000)]
  0x000000001be2a800 JavaThread "Signal Dispatcher" daemon [_thread_blocked, id=7792, stack(0x000000001d8b0000,0x000000001d9b0000)]
  0x000000001be0e800 JavaThread "Finalizer" daemon [_thread_blocked, id=11256, stack(0x000000001d290000,0x000000001d390000)]
  0x000000001bdc7800 JavaThread "Reference Handler" daemon [_thread_blocked, id=10272, stack(0x000000001d170000,0x000000001d270000)]

Other Threads:
  0x000000001bdbf800 VMThread [stack: 0x000000001cf80000,0x000000001d080000] [id=8512]
  0x000000001d47d000 WatcherThread [stack: 0x000000001db50000,0x000000001dc50000] [id=1276]

VM state:not at safepoint (normal execution)

VM Mutex/Monitor currently owned by a thread: None

Heap:
 PSYoungGen      total 138752K, used 98385K [0x000000076b400000, 0x0000000779a00000, 0x00000007c0000000)
  eden space 128000K, 76% used [0x000000076b400000,0x00000007714147f0,0x0000000773100000)
  from space 10752K, 0% used [0x0000000773100000,0x0000000773100000,0x0000000773b80000)
  to   space 13824K, 0% used [0x0000000778c80000,0x0000000778c80000,0x0000000779a00000)
 ParOldGen       total 111616K, used 18391K [0x00000006c1c00000, 0x00000006c8900000, 0x000000076b400000)
  object space 111616K, 16% used [0x00000006c1c00000,0x00000006c2df5c50,0x00000006c8900000)
 Metaspace       used 39023K, capacity 39582K, committed 39896K, reserved 1083392K
  class space    used 4836K, capacity 4987K, committed 5080K, reserved 1048576K

Card table byte_map: [0x0000000011b50000,0x0000000012350000] byte_map_base: 0x000000000e542000

Marking Bits: (ParMarkBitMap*) 0x000000005db8c720
 Begin Bits: [0x0000000012d10000, 0x0000000016ca0000)
 End Bits:   [0x0000000016ca0000, 0x000000001ac30000)

Polling page: 0x0000000000320000

CodeCache: size=245760Kb used=18109Kb max_used=18109Kb free=227651Kb
 bounds [0x0000000002790000, 0x0000000003960000, 0x0000000011790000]
 total_blobs=6085 nmethods=5578 adapters=419
 compilation: enabled

Compilation events (10 events):
Event: 1971.945 Thread 0x000000001d3a0800 6290       1       java.nio.charset.CharsetDecoder::malformedInputAction (5 bytes)
Event: 1971.945 Thread 0x000000001d3a0800 nmethod 6290 0x00000000039555d0 code [0x0000000003955720, 0x0000000003955830]
Event: 1971.945 Thread 0x000000001d3a0800 6291       1       java.nio.charset.CharsetDecoder::replacement (5 bytes)
Event: 1971.945 Thread 0x000000001d3a0800 nmethod 6291 0x0000000003955310 code [0x0000000003955460, 0x0000000003955570]
Event: 1971.946 Thread 0x000000001d3a0800 6292       3       org.postgresql.PGProperty::get (13 bytes)
Event: 1971.946 Thread 0x000000001d3a0800 nmethod 6292 0x0000000003954d10 code [0x0000000003954e80, 0x00000000039551e8]
Event: 1971.963 Thread 0x000000001d3a0800 6293   !   3       java.nio.charset.CharsetEncoder::encode (285 bytes)
Event: 1971.965 Thread 0x000000001d3a0800 nmethod 6293 0x0000000003956cd0 code [0x0000000003956fa0, 0x0000000003958598]
Event: 1971.965 Thread 0x000000001d3a0800 6294       3       sun.nio.cs.UTF_8$Encoder::encodeLoop (28 bytes)
Event: 1971.965 Thread 0x000000001d3a0800 nmethod 6294 0x00000000029d2e90 code [0x00000000029d3020, 0x00000000029d3558]

GC Heap History (10 events):
Event: 6.866 GC heap before
{Heap before GC invocations=3 (full 0):
 PSYoungGen      total 76288K, used 19158K [0x000000076b400000, 0x0000000774900000, 0x00000007c0000000)
  eden space 65536K, 12% used [0x000000076b400000,0x000000076bc41700,0x000000076f400000)
  from space 10752K, 99% used [0x000000076fe80000,0x00000007708f42b0,0x0000000770900000)
  to   space 10752K, 0% used [0x000000076f400000,0x000000076f400000,0x000000076fe80000)
 ParOldGen       total 175104K, used 16K [0x00000006c1c00000, 0x00000006cc700000, 0x000000076b400000)
  object space 175104K, 0% used [0x00000006c1c00000,0x00000006c1c04000,0x00000006cc700000)
 Metaspace       used 20906K, capacity 21140K, committed 21248K, reserved 1067008K
  class space    used 2654K, capacity 2745K, committed 2816K, reserved 1048576K
Event: 6.876 GC heap after
Heap after GC invocations=3 (full 0):
 PSYoungGen      total 76288K, used 7098K [0x000000076b400000, 0x0000000774900000, 0x00000007c0000000)
  eden space 65536K, 0% used [0x000000076b400000,0x000000076b400000,0x000000076f400000)
  from space 10752K, 66% used [0x000000076f400000,0x000000076faee9c0,0x000000076fe80000)
  to   space 10752K, 0% used [0x0000000773e80000,0x0000000773e80000,0x0000000774900000)
 ParOldGen       total 175104K, used 24K [0x00000006c1c00000, 0x00000006cc700000, 0x000000076b400000)
  object space 175104K, 0% used [0x00000006c1c00000,0x00000006c1c06000,0x00000006cc700000)
 Metaspace       used 20906K, capacity 21140K, committed 21248K, reserved 1067008K
  class space    used 2654K, capacity 2745K, committed 2816K, reserved 1048576K
}
Event: 6.876 GC heap before
{Heap before GC invocations=4 (full 1):
 PSYoungGen      total 76288K, used 7098K [0x000000076b400000, 0x0000000774900000, 0x00000007c0000000)
  eden space 65536K, 0% used [0x000000076b400000,0x000000076b400000,0x000000076f400000)
  from space 10752K, 66% used [0x000000076f400000,0x000000076faee9c0,0x000000076fe80000)
  to   space 10752K, 0% used [0x0000000773e80000,0x0000000773e80000,0x0000000774900000)
 ParOldGen       total 175104K, used 24K [0x00000006c1c00000, 0x00000006cc700000, 0x000000076b400000)
  object space 175104K, 0% used [0x00000006c1c00000,0x00000006c1c06000,0x00000006cc700000)
 Metaspace       used 20906K, capacity 21140K, committed 21248K, reserved 1067008K
  class space    used 2654K, capacity 2745K, committed 2816K, reserved 1048576K
Event: 6.958 GC heap after
Heap after GC invocations=4 (full 1):
 PSYoungGen      total 76288K, used 0K [0x000000076b400000, 0x0000000774900000, 0x00000007c0000000)
  eden space 65536K, 0% used [0x000000076b400000,0x000000076b400000,0x000000076f400000)
  from space 10752K, 0% used [0x000000076f400000,0x000000076f400000,0x000000076fe80000)
  to   space 10752K, 0% used [0x0000000773e80000,0x0000000773e80000,0x0000000774900000)
 ParOldGen       total 86528K, used 6939K [0x00000006c1c00000, 0x00000006c7080000, 0x000000076b400000)
  object space 86528K, 8% used [0x00000006c1c00000,0x00000006c22c6e90,0x00000006c7080000)
 Metaspace       used 20906K, capacity 21140K, committed 21248K, reserved 1067008K
  class space    used 2654K, capacity 2745K, committed 2816K, reserved 1048576K
}
Event: 8.641 GC heap before
{Heap before GC invocations=5 (full 1):
 PSYoungGen      total 76288K, used 65536K [0x000000076b400000, 0x0000000774900000, 0x00000007c0000000)
  eden space 65536K, 100% used [0x000000076b400000,0x000000076f400000,0x000000076f400000)
  from space 10752K, 0% used [0x000000076f400000,0x000000076f400000,0x000000076fe80000)
  to   space 10752K, 0% used [0x0000000773e80000,0x0000000773e80000,0x0000000774900000)
 ParOldGen       total 86528K, used 6939K [0x00000006c1c00000, 0x00000006c7080000, 0x000000076b400000)
  object space 86528K, 8% used [0x00000006c1c00000,0x00000006c22c6e90,0x00000006c7080000)
 Metaspace       used 28062K, capacity 28414K, committed 28544K, reserved 1075200K
  class space    used 3608K, capacity 3704K, committed 3712K, reserved 1048576K
Event: 8.743 GC heap after
Heap after GC invocations=5 (full 1):
 PSYoungGen      total 125952K, used 7457K [0x000000076b400000, 0x0000000774600000, 0x00000007c0000000)
  eden space 118272K, 0% used [0x000000076b400000,0x000000076b400000,0x0000000772780000)
  from space 7680K, 97% used [0x0000000773e80000,0x00000007745c86c8,0x0000000774600000)
  to   space 10752K, 0% used [0x0000000773100000,0x0000000773100000,0x0000000773b80000)
 ParOldGen       total 86528K, used 6939K [0x00000006c1c00000, 0x00000006c7080000, 0x000000076b400000)
  object space 86528K, 8% used [0x00000006c1c00000,0x00000006c22c6e90,0x00000006c7080000)
 Metaspace       used 28062K, capacity 28414K, committed 28544K, reserved 1075200K
  class space    used 3608K, capacity 3704K, committed 3712K, reserved 1048576K
}
Event: 159.478 GC heap before
{Heap before GC invocations=6 (full 1):
 PSYoungGen      total 125952K, used 101114K [0x000000076b400000, 0x0000000774600000, 0x00000007c0000000)
  eden space 118272K, 79% used [0x000000076b400000,0x0000000770f76350,0x0000000772780000)
  from space 7680K, 97% used [0x0000000773e80000,0x00000007745c86c8,0x0000000774600000)
  to   space 10752K, 0% used [0x0000000773100000,0x0000000773100000,0x0000000773b80000)
 ParOldGen       total 86528K, used 6939K [0x00000006c1c00000, 0x00000006c7080000, 0x000000076b400000)
  object space 86528K, 8% used [0x00000006c1c00000,0x00000006c22c6e90,0x00000006c7080000)
 Metaspace       used 34739K, capacity 35152K, committed 35416K, reserved 1079296K
  class space    used 4479K, capacity 4617K, committed 4696K, reserved 1048576K
Event: 159.494 GC heap after
Heap after GC invocations=6 (full 1):
 PSYoungGen      total 138752K, used 10726K [0x000000076b400000, 0x0000000779a00000, 0x00000007c0000000)
  eden space 128000K, 0% used [0x000000076b400000,0x000000076b400000,0x0000000773100000)
  from space 10752K, 99% used [0x0000000773100000,0x0000000773b79a60,0x0000000773b80000)
  to   space 13824K, 0% used [0x0000000778c80000,0x0000000778c80000,0x0000000779a00000)
 ParOldGen       total 86528K, used 8828K [0x00000006c1c00000, 0x00000006c7080000, 0x000000076b400000)
  object space 86528K, 10% used [0x00000006c1c00000,0x00000006c249f298,0x00000006c7080000)
 Metaspace       used 34739K, capacity 35152K, committed 35416K, reserved 1079296K
  class space    used 4479K, capacity 4617K, committed 4696K, reserved 1048576K
}
Event: 159.494 GC heap before
{Heap before GC invocations=7 (full 2):
 PSYoungGen      total 138752K, used 10726K [0x000000076b400000, 0x0000000779a00000, 0x00000007c0000000)
  eden space 128000K, 0% used [0x000000076b400000,0x000000076b400000,0x0000000773100000)
  from space 10752K, 99% used [0x0000000773100000,0x0000000773b79a60,0x0000000773b80000)
  to   space 13824K, 0% used [0x0000000778c80000,0x0000000778c80000,0x0000000779a00000)
 ParOldGen       total 86528K, used 8828K [0x00000006c1c00000, 0x00000006c7080000, 0x000000076b400000)
  object space 86528K, 10% used [0x00000006c1c00000,0x00000006c249f298,0x00000006c7080000)
 Metaspace       used 34739K, capacity 35152K, committed 35416K, reserved 1079296K
  class space    used 4479K, capacity 4617K, committed 4696K, reserved 1048576K
Event: 159.620 GC heap after
Heap after GC invocations=7 (full 2):
 PSYoungGen      total 138752K, used 0K [0x000000076b400000, 0x0000000779a00000, 0x00000007c0000000)
  eden space 128000K, 0% used [0x000000076b400000,0x000000076b400000,0x0000000773100000)
  from space 10752K, 0% used [0x0000000773100000,0x0000000773100000,0x0000000773b80000)
  to   space 13824K, 0% used [0x0000000778c80000,0x0000000778c80000,0x0000000779a00000)
 ParOldGen       total 111616K, used 18391K [0x00000006c1c00000, 0x00000006c8900000, 0x000000076b400000)
  object space 111616K, 16% used [0x00000006c1c00000,0x00000006c2df5c50,0x00000006c8900000)
 Metaspace       used 34739K, capacity 35152K, committed 35416K, reserved 1079296K
  class space    used 4479K, capacity 4617K, committed 4696K, reserved 1048576K
}

Deoptimization events (10 events):
Event: 1971.941 Thread 0x000000001f893800 Uncommon trap: reason=class_check action=maybe_recompile pc=0x00000000033b8eb8 method=java.util.regex.Pattern$Slice.match(Ljava/util/regex/Matcher;ILjava/lang/CharSequence;)Z @ 49
Event: 1971.941 Thread 0x000000001f893800 Uncommon trap: reason=class_check action=maybe_recompile pc=0x00000000038291f0 method=java.util.regex.Matcher.getSubSequence(II)Ljava/lang/CharSequence; @ 6
Event: 1971.941 Thread 0x000000001f893800 Uncommon trap: reason=class_check action=maybe_recompile pc=0x00000000032581b0 method=java.util.regex.Matcher.getTextLength()I @ 4
Event: 1971.941 Thread 0x000000001f893800 Uncommon trap: reason=class_check action=maybe_recompile pc=0x00000000033b8eb8 method=java.util.regex.Pattern$Slice.match(Ljava/util/regex/Matcher;ILjava/lang/CharSequence;)Z @ 49
Event: 1971.941 Thread 0x000000001f893800 Uncommon trap: reason=class_check action=maybe_recompile pc=0x00000000038291f0 method=java.util.regex.Matcher.getSubSequence(II)Ljava/lang/CharSequence; @ 6
Event: 1971.941 Thread 0x000000001f893800 Uncommon trap: reason=class_check action=maybe_recompile pc=0x00000000033b8eb8 method=java.util.regex.Pattern$Slice.match(Ljava/util/regex/Matcher;ILjava/lang/CharSequence;)Z @ 49
Event: 1971.941 Thread 0x000000001f893800 Uncommon trap: reason=class_check action=maybe_recompile pc=0x00000000038291f0 method=java.util.regex.Matcher.getSubSequence(II)Ljava/lang/CharSequence; @ 6
Event: 1971.941 Thread 0x000000001f893800 Uncommon trap: reason=class_check action=maybe_recompile pc=0x00000000033b8eb8 method=java.util.regex.Pattern$Slice.match(Ljava/util/regex/Matcher;ILjava/lang/CharSequence;)Z @ 49
Event: 1971.941 Thread 0x000000001f893800 Uncommon trap: reason=class_check action=maybe_recompile pc=0x00000000038291f0 method=java.util.regex.Matcher.getSubSequence(II)Ljava/lang/CharSequence; @ 6
Event: 1971.945 Thread 0x000000001f893800 Uncommon trap: reason=unstable_if action=reinterpret pc=0x0000000002b25148 method=sun.nio.cs.UTF_8$Decoder.decode([BII[C)I @ 30

Internal exceptions (10 events):
Event: 6.037 Thread 0x00000000020cb800 Exception <a 'java/lang/ArrayIndexOutOfBoundsException'> (0x000000076c0b4928) thrown at [C:\re\workspace\8-2-build-windows-amd64-cygwin\jdk8u131\8869\hotspot\src\share\vm\runtime\sharedRuntime.cpp, line 605]
Event: 6.037 Thread 0x00000000020cb800 Exception <a 'java/lang/ArrayIndexOutOfBoundsException'> (0x000000076c0b5990) thrown at [C:\re\workspace\8-2-build-windows-amd64-cygwin\jdk8u131\8869\hotspot\src\share\vm\runtime\sharedRuntime.cpp, line 605]
Event: 6.037 Thread 0x00000000020cb800 Exception <a 'java/lang/ArrayIndexOutOfBoundsException'> (0x000000076c0b74e0) thrown at [C:\re\workspace\8-2-build-windows-amd64-cygwin\jdk8u131\8869\hotspot\src\share\vm\runtime\sharedRuntime.cpp, line 605]
Event: 6.037 Thread 0x00000000020cb800 Exception <a 'java/lang/ArrayIndexOutOfBoundsException'> (0x000000076c0b9210) thrown at [C:\re\workspace\8-2-build-windows-amd64-cygwin\jdk8u131\8869\hotspot\src\share\vm\runtime\sharedRuntime.cpp, line 605]
Event: 6.037 Thread 0x00000000020cb800 Exception <a 'java/lang/ArrayIndexOutOfBoundsException'> (0x000000076c0ba908) thrown at [C:\re\workspace\8-2-build-windows-amd64-cygwin\jdk8u131\8869\hotspot\src\share\vm\runtime\sharedRuntime.cpp, line 605]
Event: 6.348 Thread 0x00000000020cb800 Implicit null exception at 0x00000000029d4796 to 0x00000000029d4b45
Event: 6.349 Thread 0x00000000020cb800 Implicit null exception at 0x00000000029b79d6 to 0x00000000029b7d7d
Event: 6.685 Thread 0x00000000020cb800 Exception <a 'java/lang/NoSuchMethodError': org.slf4j.impl.StaticMDCBinder.getSingleton()Lorg/slf4j/impl/StaticMDCBinder;> (0x000000076ec353c0) thrown at [C:\re\workspace\8-2-build-windows-amd64-cygwin\jdk8u131\8869\hotspot\src\share\vm\interpreter\linkRe
Event: 8.275 Thread 0x00000000020cb800 Exception <a 'java/io/FileNotFoundException'> (0x000000076e76e810) thrown at [C:\re\workspace\8-2-build-windows-amd64-cygwin\jdk8u131\8869\hotspot\src\share\vm\prims\jni.cpp, line 709]
Event: 8.276 Thread 0x00000000020cb800 Exception <a 'java/io/FileNotFoundException'> (0x000000076e786f30) thrown at [C:\re\workspace\8-2-build-windows-amd64-cygwin\jdk8u131\8869\hotspot\src\share\vm\prims\jni.cpp, line 709]

Events (10 events):
Event: 1971.946 Executing VM operation: RevokeBias
Event: 1971.946 Executing VM operation: RevokeBias done
Event: 1971.947 Thread 0x000000001d3a0800 flushing nmethod 0x0000000002974290
Event: 1971.947 Executing VM operation: RevokeBias
Event: 1971.947 Executing VM operation: RevokeBias done
Event: 1971.962 Executing VM operation: RevokeBias
Event: 1971.962 Executing VM operation: RevokeBias done
Event: 1971.965 Thread 0x000000001d3a0800 flushing nmethod 0x00000000029d2d50
Event: 1971.975 loading class io/dropwizard/auth/AuthFilter$1
Event: 1971.975 loading class io/dropwizard/auth/AuthFilter$1 done


Dynamic libraries:
0x000000013f940000 - 0x000000013f977000 	C:\Program Files\Java\jdk1.8.0_131\bin\javaw.exe
0x00000000779e0000 - 0x0000000077b7f000 	C:\Windows\SYSTEM32\ntdll.dll
0x00000000777c0000 - 0x00000000778df000 	C:\Windows\system32\kernel32.dll
0x000007fefd710000 - 0x000007fefd77a000 	C:\Windows\system32\KERNELBASE.dll
0x000007feff630000 - 0x000007feff70b000 	C:\Windows\system32\ADVAPI32.dll
0x000007feff340000 - 0x000007feff3df000 	C:\Windows\system32\msvcrt.dll
0x000007fefe800000 - 0x000007fefe81f000 	C:\Windows\SYSTEM32\sechost.dll
0x000007feff3e0000 - 0x000007feff50d000 	C:\Windows\system32\RPCRT4.dll
0x00000000778e0000 - 0x00000000779da000 	C:\Windows\system32\USER32.dll
0x000007feff2d0000 - 0x000007feff337000 	C:\Windows\system32\GDI32.dll
0x000007feff7c0000 - 0x000007feff7ce000 	C:\Windows\system32\LPK.dll
0x000007feff200000 - 0x000007feff2cb000 	C:\Windows\system32\USP10.dll
0x000007fefb900000 - 0x000007fefbaf4000 	C:\Windows\WinSxS\amd64_microsoft.windows.common-controls_6595b64144ccf1df_6.0.7601.18837_none_fa3b1e3d17594757\COMCTL32.dll
0x000007feff710000 - 0x000007feff781000 	C:\Windows\system32\SHLWAPI.dll
0x000007feff790000 - 0x000007feff7be000 	C:\Windows\system32\IMM32.DLL
0x000007fefed80000 - 0x000007fefee89000 	C:\Windows\system32\MSCTF.dll
0x0000000075170000 - 0x0000000075242000 	C:\Program Files\Java\jdk1.8.0_131\jre\bin\msvcr100.dll
0x000000005d370000 - 0x000000005dc0c000 	C:\Program Files\Java\jdk1.8.0_131\jre\bin\server\jvm.dll
0x000007fef6a10000 - 0x000007fef6a19000 	C:\Windows\system32\WSOCK32.dll
0x000007feff0d0000 - 0x000007feff11d000 	C:\Windows\system32\WS2_32.dll
0x000007feff7d0000 - 0x000007feff7d8000 	C:\Windows\system32\NSI.dll
0x000007fefb2f0000 - 0x000007fefb32b000 	C:\Windows\system32\WINMM.dll
0x000007fefc730000 - 0x000007fefc73c000 	C:\Windows\system32\VERSION.dll
0x0000000077b90000 - 0x0000000077b97000 	C:\Windows\system32\PSAPI.DLL
0x000000006f4e0000 - 0x000000006f4ef000 	C:\Program Files\Java\jdk1.8.0_131\jre\bin\verify.dll
0x000000006f4b0000 - 0x000000006f4d9000 	C:\Program Files\Java\jdk1.8.0_131\jre\bin\java.dll
0x000000006f490000 - 0x000000006f4a6000 	C:\Program Files\Java\jdk1.8.0_131\jre\bin\zip.dll
0x000007fefda70000 - 0x000007fefe7fb000 	C:\Windows\system32\SHELL32.dll
0x000007feffad0000 - 0x000007feffccd000 	C:\Windows\system32\ole32.dll
0x000007fefd6c0000 - 0x000007fefd6cf000 	C:\Windows\system32\profapi.dll
0x000000006f480000 - 0x000000006f48d000 	C:\Program Files\Java\jdk1.8.0_131\jre\bin\management.dll
0x000000006f370000 - 0x000000006f38a000 	C:\Program Files\Java\jdk1.8.0_131\jre\bin\net.dll
0x000007fefce80000 - 0x000007fefced5000 	C:\Windows\system32\mswsock.dll
0x000007fefce70000 - 0x000007fefce77000 	C:\Windows\System32\wship6.dll
0x000000006f350000 - 0x000000006f361000 	C:\Program Files\Java\jdk1.8.0_131\jre\bin\nio.dll
0x000007fefc800000 - 0x000007fefc807000 	C:\Windows\System32\wshtcpip.dll
0x000007fefcd00000 - 0x000007fefcd5b000 	C:\Windows\system32\DNSAPI.dll
0x000007fef5520000 - 0x000007fef554f000 	C:\Program Files\Common Files\Microsoft Shared\Windows Live\WLIDNSP.DLL
0x00000000726f0000 - 0x0000000072716000 	C:\Program Files\Bonjour\mdnsNSP.dll
0x000007fef91f0000 - 0x000007fef9217000 	C:\Windows\system32\Iphlpapi.DLL
0x000007fef91e0000 - 0x000007fef91eb000 	C:\Windows\system32\WINNSI.DLL
0x000007fef5510000 - 0x000007fef5518000 	C:\Windows\system32\rasadhlp.dll
0x000007fef9070000 - 0x000007fef90c3000 	C:\Windows\System32\fwpuclnt.dll
0x000007fefcee0000 - 0x000007fefcef8000 	C:\Windows\system32\CRYPTSP.dll
0x000007fefcbe0000 - 0x000007fefcc27000 	C:\Windows\system32\rsaenh.dll
0x000007fefda50000 - 0x000007fefda6e000 	C:\Windows\system32\USERENV.dll
0x000007fefd550000 - 0x000007fefd55f000 	C:\Windows\system32\CRYPTBASE.dll
0x000007fef8ff0000 - 0x000007fef9001000 	C:\Windows\system32\dhcpcsvc6.DLL
0x000007fef8fd0000 - 0x000007fef8fe8000 	C:\Windows\system32\dhcpcsvc.DLL
0x000000006e470000 - 0x000000006e494000 	C:\Program Files\Java\jdk1.8.0_131\jre\bin\sunec.dll
0x000000006f340000 - 0x000000006f34b000 	C:\Program Files\Java\jdk1.8.0_131\jre\bin\sunmscapi.dll
0x000007fefd8e0000 - 0x000007fefda4d000 	C:\Windows\system32\CRYPT32.dll
0x000007fefd6b0000 - 0x000007fefd6bf000 	C:\Windows\system32\MSASN1.dll
0x000007fef2b20000 - 0x000007fef2c45000 	C:\Windows\system32\dbghelp.dll

VM Arguments:
jvm_args: -Dfile.encoding=UTF-8 
java_command: se.bth.didd.wiptool.WiptoolApplication server config.yml
java_class_path (initial): C:\Users\dvi\Desktop\wip tool\tool code\april 3 timeline updated\wiptool6\target\classes;C:\Users\dvi\.m2\repository\io\dropwizard\dropwizard-core\1.2.0\dropwizard-core-1.2.0.jar;C:\Users\dvi\.m2\repository\io\dropwizard\dropwizard-util\1.2.0\dropwizard-util-1.2.0.jar;C:\Users\dvi\.m2\repository\com\google\code\findbugs\jsr305\3.0.2\jsr305-3.0.2.jar;C:\Users\dvi\.m2\repository\io\dropwizard\dropwizard-jackson\1.2.0\dropwizard-jackson-1.2.0.jar;C:\Users\dvi\.m2\repository\com\fasterxml\jackson\datatype\jackson-datatype-guava\2.9.1\jackson-datatype-guava-2.9.1.jar;C:\Users\dvi\.m2\repository\com\fasterxml\jackson\datatype\jackson-datatype-jsr310\2.9.1\jackson-datatype-jsr310-2.9.1.jar;C:\Users\dvi\.m2\repository\com\fasterxml\jackson\datatype\jackson-datatype-jdk8\2.9.1\jackson-datatype-jdk8-2.9.1.jar;C:\Users\dvi\.m2\repository\com\fasterxml\jackson\module\jackson-module-parameter-names\2.9.1\jackson-module-parameter-names-2.9.1.jar;C:\Users\dvi\.m2\repository\com\fasterxml\jackson\module\jackson-module-afterburner\2.9.1\jackson-module-afterburner-2.9.1.jar;C:\Users\dvi\.m2\repository\com\fasterxml\jackson\datatype\jackson-datatype-joda\2.9.1\jackson-datatype-joda-2.9.1.jar;C:\Users\dvi\.m2\repository\io\dropwizard\dropwizard-validation\1.2.0\dropwizard-validation-1.2.0.jar;C:\Users\dvi\.m2\repository\org\hibernate\hibernate-validator\5.4.1.Final\hibernate-validator-5.4.1.Final.jar;C:\Users\dvi\.m2\repository\javax\validation\validation-api\1.1.0.Final\validation-api-1.1.0.Final.jar;C:\Users\dvi\.m2\repository\org\jboss\logging\jboss-logging\3.3.0.Final\jboss-logging-3.3.0.Final.jar;C:\Users\dvi\.m2\repository\com\fasterxml\classmate\1.3.4\classmate-1.3.4.jar;C:\Users\dvi\.m2\repository\org\glassfish\javax.el\3.0.0\javax.el-3.0.0.jar;C:\Users\dvi\.m2\repository\io\dropwizard\dropwizard-configuration\1.2.0\dropwizard-configuration-1.2.0.jar;C:\Users\dvi\.m2\repository\com\fasterxml\jackson\dataformat\jackson-dataformat-yaml\2.9.1\jackson-d
Launcher Type: SUN_STANDARD

Environment Variables:
JAVA_HOME=C:\Program Files\Java\jdk1.8.0_131
PATH=C:/Program Files/Java/jre1.8.0_131/bin/server;C:/Program Files/Java/jre1.8.0_131/bin;C:/Program Files/Java/jre1.8.0_131/lib/amd64;C:\Program Files\Common Files\Microsoft Shared\Windows Live;C:\Program Files (x86)\Common Files\Microsoft Shared\Windows Live;C:\ProgramData\Oracle\Java\javapath;C:\Windows\system32;C:\Windows;C:\Windows\System32\Wbem;C:\Windows\System32\WindowsPowerShell\v1.0\;C:\Windows\System32\WindowsPowerShell\v1.0\;C:\Windows\CCM;C:\Program Files (x86)\Windows Live\Shared;C:\Program Files\Intel\WiFi\bin\;C:\Program Files\Common Files\Intel\WirelessCommon\;C:\Program Files (x86)\Skype\Phone\;C:\Windows\System32\WindowsPowerShell\v1.0\;C:\Program Files\nodejs\;C:\Windows\System32\WindowsPowerShell\v1.0\;C:\Program Files\PuTTY\;C:\Program Files (x86)\Bitvise SSH Client;C:\Program Files\apache-maven-3.5.2\bin;C:\Users\dvi\AppData\Local\Programs\MiKTeX 2.9\miktex\bin\x64\;C:\Users\dvi\AppData\Roaming\npm;C:\Users\dvi\java-neon2\eclipse;
USERNAME=dvi
OS=Windows_NT
PROCESSOR_IDENTIFIER=Intel64 Family 6 Model 78 Stepping 3, GenuineIntel



---------------  S Y S T E M  ---------------

OS: Windows 7 , 64 bit Build 7601 (6.1.7601.24060)

CPU:total 4 (initial active 4) (2 cores per cpu, 2 threads per core) family 6 model 78 stepping 3, cmov, cx8, fxsr, mmx, sse, sse2, sse3, ssse3, sse4.1, sse4.2, popcnt, avx, avx2, aes, clmul, erms, rtm, 3dnowpref, lzcnt, ht, tsc, tscinvbit, bmi1, bmi2, adx

Memory: 4k page, physical 16654944k(6389544k free), swap 33308012k(21468808k free)

vm_info: Java HotSpot(TM) 64-Bit Server VM (25.131-b11) for windows-amd64 JRE (1.8.0_131-b11), built on Mar 15 2017 01:23:53 by "java_re" with MS VC++ 10.0 (VS2010)

time: Wed Apr 11 17:19:55 2018
elapsed time: 1971 seconds (0d 0h 32m 51s)

